Arguments: 
  /usr/local/Cellar/node/11.14.0/bin/node /usr/local/Cellar/yarn/1.15.2/libexec/bin/yarn.js install

PATH: 
  /usr/local/bin:/usr/bin:/bin:/usr/sbin:/sbin

Yarn version: 
  1.15.2

Node version: 
  11.14.0

Platform: 
  darwin x64

Trace: 
  Error: getaddrinfo ENOTFOUND registry.yarnpkg.com registry.yarnpkg.com:443
      at GetAddrInfoReqWrap.onlookup [as oncomplete] (dns.js:58:26)

npm manifest: 
  {
  	"name": "daleclub",
  	"version": "1.0.0",
  	"description": "daleclub",
  	"main": "server/server.js",
  	"license": "ISC",
  	"scripts": {
  		"test": "echo 'Running Standard.js and Jasmine unit tests...\n' && yarn lint && yarn unit",
  		"unit": "jasmine",
  		"lint": "standard",
  		"fix": "standard --fix",
  		"dev": "nodemon -w server -w package.json server/server.js",
  		"build": "next build",
  		"heroku-postbuild": "next build",
  		"start": "pm2 start server/server.js"
  	},
  	"now": {
  		"name": "daleclub",
  		"alias": "daleclub"
  	},
  	"engines": {
  		"node": "^11.14.0",
  		"yarn": "^1.15.2"
  	},
  	"dependencies": {
  		"@material-ui/core": "^3.9.3",
  		"@rebass/grid": "^6.0.0",
  		"axios": "^0.18.0",
  		"body-parser": "^1.15.2",
  		"dotenv": "^6.2.0",
  		"eslint-config-standard-react": "^7.0.2",
  		"express": "^4.14.0",
  		"express-basic-auth": "^1.2.0",
  		"glob": "^7.1.2",
  		"isomorphic-fetch": "^2.2.1",
  		"isomorphic-unfetch": "^2.0.0",
  		"lodash": "^4.17.4",
  		"moment": "^2.24.0",
  		"mongoose": "^4.7.6",
  		"mongoose-crudify": "^0.2.0",
  		"mongoose-file": "^0.0.2",
  		"mongoose-paginate": "^5.0.3",
  		"multer": "^1.4.1",
  		"next": "^8.0.3",
  		"next-redux-wrapper": "^3.0.0-alpha.1",
  		"next-routes": "^1.4.2",
  		"node-restful": "^0.2.6",
  		"react": "^16.0.0",
  		"react-dom": "^16.0.0",
  		"react-feather": "^1.1.6",
  		"react-on-screen": "^2.1.1",
  		"styled-components": "^4.0.0",
  		"styled-reset": "^2.0.10"
  	},
  	"devDependencies": {
  		"babel-eslint": "^10.0.1",
  		"babel-plugin-styled-components": "^1.8.0",
  		"eslint": "^4.19.1",
  		"eslint-config-standard": "^11.0.0",
  		"eslint-loader": "^2.0.0",
  		"eslint-plugin-import": "^2.11.0",
  		"eslint-plugin-jest": "^21.15.1",
  		"eslint-plugin-node": "^6.0.1",
  		"eslint-plugin-promise": "^3.7.0",
  		"eslint-plugin-react": "^7.10.0",
  		"eslint-plugin-standard": "^3.1.0",
  		"jasmine": "^3.3.1",
  		"nodemon": "^1.12.1",
  		"standard": "^12.0.1"
  	}
  }

yarn manifest: 
  No manifest

Lockfile: 
  No lockfile
